<?xml version="1.0" encoding="UTF-8"?>
<!-- Generated by org.testng.reporters.JUnitReportReporter -->
<testsuite hostname="DESKTOP-8KE617A" failures="0" tests="1" name="pageObject.tests.Test2" time="22.827" errors="0" timestamp="2024-04-11T12:18:19 IST" skipped="0">
  <testcase classname="pageObject.tests.Test2" name="test2" time="22.827"/>
  <system-out/>
</testsuite> <!-- pageObject.tests.Test2 -->
