<?xml version="1.0" encoding="UTF-8"?>
<!-- Generated by org.testng.reporters.JUnitReportReporter -->
<testsuite hostname="DESKTOP-8KE617A" failures="0" tests="2" name="pageObject.tests.LoginTest" time="53.164" errors="0" timestamp="2024-04-11T14:08:01 IST" skipped="0">
  <testcase classname="pageObject.tests.LoginTest" name="loginTest" time="28.561"/>
  <system-out/>
  <testcase classname="pageObject.tests.LoginTest" name="loginTest" time="24.603"/>
  <system-out/>
</testsuite> <!-- pageObject.tests.LoginTest -->
