<?xml version="1.0" encoding="UTF-8"?>
<!-- Generated by org.testng.reporters.JUnitReportReporter -->
<testsuite hostname="DESKTOP-8KE617A" failures="0" tests="1" name="pageObject.tests.Test4" time="21.535" errors="0" timestamp="2024-04-11T11:43:09 IST" skipped="0">
  <testcase classname="pageObject.tests.Test4" name="test4" time="21.535"/>
  <system-out/>
</testsuite> <!-- pageObject.tests.Test4 -->
